{"numFailedTestSuites":0,"numFailedTests":0,"numPassedTestSuites":52,"numPassedTests":188,"numPendingTestSuites":0,"numPendingTests":0,"numRuntimeErrorTestSuites":0,"numTodoTests":0,"numTotalTestSuites":52,"numTotalTests":188,"openHandles":[],"snapshot":{"added":0,"didUpdate":true,"failure":false,"filesAdded":0,"filesRemoved":0,"filesRemovedList":[],"filesUnmatched":0,"filesUpdated":0,"matched":142,"total":142,"unchecked":0,"uncheckedKeysByFile":[],"unmatched":0,"updated":0},"startTime":1614716841898,"success":true,"testResults":[{"assertionResults":[{"ancestorTitles":["ContentPanels"],"failureMessages":[],"fullName":"ContentPanels renders invalid child, prompts error message ","location":null,"status":"passed","title":"renders invalid child, prompts error message "},{"ancestorTitles":["ContentPanels"],"failureMessages":[],"fullName":"ContentPanels renders 3 panels component","location":null,"status":"passed","title":"renders 3 panels component"}],"endTime":1614716848629,"message":"","name":"/Users/CESARMAC/Desktop/NT/ENV/osi/osi-dls/src/components/ContentPanels/ContentPanels.test.js","startTime":1614716843668,"status":"passed","summary":""},{"assertionResults":[{"ancestorTitles":["The ColorPaletteSwatch Component"],"failureMessages":[],"fullName":"The ColorPaletteSwatch Component getTextColorBasedOnColorBrightness function returns the correct hex","location":null,"status":"passed","title":"getTextColorBasedOnColorBrightness function returns the correct hex"},{"ancestorTitles":["The ColorPaletteSwatch Component"],"failureMessages":[],"fullName":"The ColorPaletteSwatch Component hexConvert function throws an error if the component has a missing/invalid hex prop","location":null,"status":"passed","title":"hexConvert function throws an error if the component has a missing/invalid hex prop"},{"ancestorTitles":["The ColorPaletteSwatch Component"],"failureMessages":[],"fullName":"The ColorPaletteSwatch Component hexConvert successfully converts a hex string into the correct rgb string","location":null,"status":"passed","title":"hexConvert successfully converts a hex string into the correct rgb string"},{"ancestorTitles":["The ColorPaletteSwatch Component"],"failureMessages":[],"fullName":"The ColorPaletteSwatch Component renders successfully","location":null,"status":"passed","title":"renders successfully"},{"ancestorTitles":["The ColorPalette Component"],"failureMessages":[],"fullName":"The ColorPalette Component renders successfully","location":null,"status":"passed","title":"renders successfully"},{"ancestorTitles":["The ColorPalette Component"],"failureMessages":[],"fullName":"The ColorPalette Component renders different colors based on the theme prop","location":null,"status":"passed","title":"renders different colors based on the theme prop"}],"endTime":1614716848910,"message":"","name":"/Users/CESARMAC/Desktop/NT/ENV/osi/osi-dls/src/Overview/DesignTokens/ColorPalette/ColorPalette.test.js","startTime":1614716843659,"status":"passed","summary":""},{"assertionResults":[{"ancestorTitles":["<Address />"],"failureMessages":[],"fullName":"<Address /> should render content ","location":null,"status":"passed","title":"should render content "},{"ancestorTitles":["<Address />"],"failureMessages":[],"fullName":"<Address /> test \"onClick\" prop","location":null,"status":"passed","title":"test \"onClick\" prop"},{"ancestorTitles":["<Address />"],"failureMessages":[],"fullName":"<Address /> test address format","location":null,"status":"passed","title":"test address format"},{"ancestorTitles":["<Address />"],"failureMessages":[],"fullName":"<Address /> test city state zip format","location":null,"status":"passed","title":"test city state zip format"}],"endTime":1614716849025,"message":"","name":"/Users/CESARMAC/Desktop/NT/ENV/osi/osi-dls/src/components/Address/Address.test.js","startTime":1614716843671,"status":"passed","summary":""},{"assertionResults":[{"ancestorTitles":["<Licensing />"],"failureMessages":[],"fullName":"<Licensing /> Should render","location":null,"status":"passed","title":"Should render"}],"endTime":1614716849324,"message":"","name":"/Users/CESARMAC/Desktop/NT/ENV/osi/osi-dls/src/components/Licensing/Licensing.test.js","startTime":1614716843681,"status":"passed","summary":""},{"assertionResults":[{"ancestorTitles":["<LikeButtons/>"],"failureMessages":[],"fullName":"<LikeButtons/> correctly displays initial count values","location":null,"status":"passed","title":"correctly displays initial count values"},{"ancestorTitles":["<LikeButtons/>"],"failureMessages":[],"fullName":"<LikeButtons/> calls \"handle click\" prop on like/dislike button click","location":null,"status":"passed","title":"calls \"handle click\" prop on like/dislike button click"},{"ancestorTitles":["<LikeButtons/>"],"failureMessages":[],"fullName":"<LikeButtons/> renders like and dislike buttons successfully","location":null,"status":"passed","title":"renders like and dislike buttons successfully"},{"ancestorTitles":["<LikeButtons/>"],"failureMessages":[],"fullName":"<LikeButtons/> should render <LikeButtons>","location":null,"status":"passed","title":"should render <LikeButtons>"}],"endTime":1614716849627,"message":"","name":"/Users/CESARMAC/Desktop/NT/ENV/osi/osi-dls/src/components/LikeButtons/LikeButtons.test.js","startTime":1614716843660,"status":"passed","summary":""},{"assertionResults":[{"ancestorTitles":["<Typography />"],"failureMessages":[],"fullName":"<Typography /> should not render when no props are provided","location":null,"status":"passed","title":"should not render when no props are provided"},{"ancestorTitles":["<Typography />"],"failureMessages":[],"fullName":"<Typography /> should not render when an invalid prop is provided","location":null,"status":"passed","title":"should not render when an invalid prop is provided"},{"ancestorTitles":["<Typography />"],"failureMessages":[],"fullName":"<Typography /> should not render when \"variant\" is provided an invalid variant","location":null,"status":"passed","title":"should not render when \"variant\" is provided an invalid variant"},{"ancestorTitles":["<Typography /> variant \"% s\""],"failureMessages":[],"fullName":"<Typography /> variant \"% s\" should render with no text","location":null,"status":"passed","title":"should render with no text"},{"ancestorTitles":["<Typography /> variant \"% s\""],"failureMessages":[],"fullName":"<Typography /> variant \"% s\" should render with text","location":null,"status":"passed","title":"should render with text"},{"ancestorTitles":["<Typography /> variant \"% s\""],"failureMessages":[],"fullName":"<Typography /> variant \"% s\" should render with color prop passed","location":null,"status":"passed","title":"should render with color prop passed"},{"ancestorTitles":["<Typography /> variant \"% s\""],"failureMessages":[],"fullName":"<Typography /> variant \"% s\" should render with no text","location":null,"status":"passed","title":"should render with no text"},{"ancestorTitles":["<Typography /> variant \"% s\""],"failureMessages":[],"fullName":"<Typography /> variant \"% s\" should render with text","location":null,"status":"passed","title":"should render with text"},{"ancestorTitles":["<Typography /> variant \"% s\""],"failureMessages":[],"fullName":"<Typography /> variant \"% s\" should render with color prop passed","location":null,"status":"passed","title":"should render with color prop passed"},{"ancestorTitles":["<Typography /> variant \"% s\""],"failureMessages":[],"fullName":"<Typography /> variant \"% s\" should render with no text","location":null,"status":"passed","title":"should render with no text"},{"ancestorTitles":["<Typography /> variant \"% s\""],"failureMessages":[],"fullName":"<Typography /> variant \"% s\" should render with text","location":null,"status":"passed","title":"should render with text"},{"ancestorTitles":["<Typography /> variant \"% s\""],"failureMessages":[],"fullName":"<Typography /> variant \"% s\" should render with color prop passed","location":null,"status":"passed","title":"should render with color prop passed"},{"ancestorTitles":["<Typography /> variant \"% s\""],"failureMessages":[],"fullName":"<Typography /> variant \"% s\" should render with no text","location":null,"status":"passed","title":"should render with no text"},{"ancestorTitles":["<Typography /> variant \"% s\""],"failureMessages":[],"fullName":"<Typography /> variant \"% s\" should render with text","location":null,"status":"passed","title":"should render with text"},{"ancestorTitles":["<Typography /> variant \"% s\""],"failureMessages":[],"fullName":"<Typography /> variant \"% s\" should render with color prop passed","location":null,"status":"passed","title":"should render with color prop passed"},{"ancestorTitles":["<Typography /> variant \"% s\""],"failureMessages":[],"fullName":"<Typography /> variant \"% s\" should render with no text","location":null,"status":"passed","title":"should render with no text"},{"ancestorTitles":["<Typography /> variant \"% s\""],"failureMessages":[],"fullName":"<Typography /> variant \"% s\" should render with text","location":null,"status":"passed","title":"should render with text"},{"ancestorTitles":["<Typography /> variant \"% s\""],"failureMessages":[],"fullName":"<Typography /> variant \"% s\" should render with color prop passed","location":null,"status":"passed","title":"should render with color prop passed"},{"ancestorTitles":["<Typography /> variant \"% s\""],"failureMessages":[],"fullName":"<Typography /> variant \"% s\" should render with no text","location":null,"status":"passed","title":"should render with no text"},{"ancestorTitles":["<Typography /> variant \"% s\""],"failureMessages":[],"fullName":"<Typography /> variant \"% s\" should render with text","location":null,"status":"passed","title":"should render with text"},{"ancestorTitles":["<Typography /> variant \"% s\""],"failureMessages":[],"fullName":"<Typography /> variant \"% s\" should render with color prop passed","location":null,"status":"passed","title":"should render with color prop passed"},{"ancestorTitles":["<Typography /> variant \"% s\""],"failureMessages":[],"fullName":"<Typography /> variant \"% s\" should render with no text","location":null,"status":"passed","title":"should render with no text"},{"ancestorTitles":["<Typography /> variant \"% s\""],"failureMessages":[],"fullName":"<Typography /> variant \"% s\" should render with text","location":null,"status":"passed","title":"should render with text"},{"ancestorTitles":["<Typography /> variant \"% s\""],"failureMessages":[],"fullName":"<Typography /> variant \"% s\" should render with color prop passed","location":null,"status":"passed","title":"should render with color prop passed"},{"ancestorTitles":["<Typography /> variant \"% s\""],"failureMessages":[],"fullName":"<Typography /> variant \"% s\" should render with no text","location":null,"status":"passed","title":"should render with no text"},{"ancestorTitles":["<Typography /> variant \"% s\""],"failureMessages":[],"fullName":"<Typography /> variant \"% s\" should render with text","location":null,"status":"passed","title":"should render with text"},{"ancestorTitles":["<Typography /> variant \"% s\""],"failureMessages":[],"fullName":"<Typography /> variant \"% s\" should render with color prop passed","location":null,"status":"passed","title":"should render with color prop passed"},{"ancestorTitles":["<Typography /> variant \"% s\""],"failureMessages":[],"fullName":"<Typography /> variant \"% s\" should render with no text","location":null,"status":"passed","title":"should render with no text"},{"ancestorTitles":["<Typography /> variant \"% s\""],"failureMessages":[],"fullName":"<Typography /> variant \"% s\" should render with text","location":null,"status":"passed","title":"should render with text"},{"ancestorTitles":["<Typography /> variant \"% s\""],"failureMessages":[],"fullName":"<Typography /> variant \"% s\" should render with color prop passed","location":null,"status":"passed","title":"should render with color prop passed"},{"ancestorTitles":["<Typography /> variant \"% s\""],"failureMessages":[],"fullName":"<Typography /> variant \"% s\" should render with no text","location":null,"status":"passed","title":"should render with no text"},{"ancestorTitles":["<Typography /> variant \"% s\""],"failureMessages":[],"fullName":"<Typography /> variant \"% s\" should render with text","location":null,"status":"passed","title":"should render with text"},{"ancestorTitles":["<Typography /> variant \"% s\""],"failureMessages":[],"fullName":"<Typography /> variant \"% s\" should render with color prop passed","location":null,"status":"passed","title":"should render with color prop passed"},{"ancestorTitles":["<Typography /> variant \"% s\""],"failureMessages":[],"fullName":"<Typography /> variant \"% s\" should render with no text","location":null,"status":"passed","title":"should render with no text"},{"ancestorTitles":["<Typography /> variant \"% s\""],"failureMessages":[],"fullName":"<Typography /> variant \"% s\" should render with text","location":null,"status":"passed","title":"should render with text"},{"ancestorTitles":["<Typography /> variant \"% s\""],"failureMessages":[],"fullName":"<Typography /> variant \"% s\" should render with color prop passed","location":null,"status":"passed","title":"should render with color prop passed"},{"ancestorTitles":["<Typography /> variant \"% s\""],"failureMessages":[],"fullName":"<Typography /> variant \"% s\" should render with no text","location":null,"status":"passed","title":"should render with no text"},{"ancestorTitles":["<Typography /> variant \"% s\""],"failureMessages":[],"fullName":"<Typography /> variant \"% s\" should render with text","location":null,"status":"passed","title":"should render with text"},{"ancestorTitles":["<Typography /> variant \"% s\""],"failureMessages":[],"fullName":"<Typography /> variant \"% s\" should render with color prop passed","location":null,"status":"passed","title":"should render with color prop passed"},{"ancestorTitles":["<Typography /> variant \"% s\""],"failureMessages":[],"fullName":"<Typography /> variant \"% s\" should render with no text","location":null,"status":"passed","title":"should render with no text"},{"ancestorTitles":["<Typography /> variant \"% s\""],"failureMessages":[],"fullName":"<Typography /> variant \"% s\" should render with text","location":null,"status":"passed","title":"should render with text"},{"ancestorTitles":["<Typography /> variant \"% s\""],"failureMessages":[],"fullName":"<Typography /> variant \"% s\" should render with color prop passed","location":null,"status":"passed","title":"should render with color prop passed"},{"ancestorTitles":["<Typography /> variant \"% s\""],"failureMessages":[],"fullName":"<Typography /> variant \"% s\" should render with no text","location":null,"status":"passed","title":"should render with no text"},{"ancestorTitles":["<Typography /> variant \"% s\""],"failureMessages":[],"fullName":"<Typography /> variant \"% s\" should render with text","location":null,"status":"passed","title":"should render with text"},{"ancestorTitles":["<Typography /> variant \"% s\""],"failureMessages":[],"fullName":"<Typography /> variant \"% s\" should render with color prop passed","location":null,"status":"passed","title":"should render with color prop passed"},{"ancestorTitles":["<Typography /> variant \"% s\""],"failureMessages":[],"fullName":"<Typography /> variant \"% s\" should render with no text","location":null,"status":"passed","title":"should render with no text"},{"ancestorTitles":["<Typography /> variant \"% s\""],"failureMessages":[],"fullName":"<Typography /> variant \"% s\" should render with text","location":null,"status":"passed","title":"should render with text"},{"ancestorTitles":["<Typography /> variant \"% s\""],"failureMessages":[],"fullName":"<Typography /> variant \"% s\" should render with color prop passed","location":null,"status":"passed","title":"should render with color prop passed"},{"ancestorTitles":["<Typography /> variant \"% s\""],"failureMessages":[],"fullName":"<Typography /> variant \"% s\" should render with no text","location":null,"status":"passed","title":"should render with no text"},{"ancestorTitles":["<Typography /> variant \"% s\""],"failureMessages":[],"fullName":"<Typography /> variant \"% s\" should render with text","location":null,"status":"passed","title":"should render with text"},{"ancestorTitles":["<Typography /> variant \"% s\""],"failureMessages":[],"fullName":"<Typography /> variant \"% s\" should render with color prop passed","location":null,"status":"passed","title":"should render with color prop passed"},{"ancestorTitles":["<Typography /> variant \"% s\""],"failureMessages":[],"fullName":"<Typography /> variant \"% s\" should render with no text","location":null,"status":"passed","title":"should render with no text"},{"ancestorTitles":["<Typography /> variant \"% s\""],"failureMessages":[],"fullName":"<Typography /> variant \"% s\" should render with text","location":null,"status":"passed","title":"should render with text"},{"ancestorTitles":["<Typography /> variant \"% s\""],"failureMessages":[],"fullName":"<Typography /> variant \"% s\" should render with color prop passed","location":null,"status":"passed","title":"should render with color prop passed"},{"ancestorTitles":["<Typography /> variant \"% s\""],"failureMessages":[],"fullName":"<Typography /> variant \"% s\" should render with no text","location":null,"status":"passed","title":"should render with no text"},{"ancestorTitles":["<Typography /> variant \"% s\""],"failureMessages":[],"fullName":"<Typography /> variant \"% s\" should render with text","location":null,"status":"passed","title":"should render with text"},{"ancestorTitles":["<Typography /> variant \"% s\""],"failureMessages":[],"fullName":"<Typography /> variant \"% s\" should render with color prop passed","location":null,"status":"passed","title":"should render with color prop passed"},{"ancestorTitles":["<Typography /> variant \"% s\""],"failureMessages":[],"fullName":"<Typography /> variant \"% s\" should render with no text","location":null,"status":"passed","title":"should render with no text"},{"ancestorTitles":["<Typography /> variant \"% s\""],"failureMessages":[],"fullName":"<Typography /> variant \"% s\" should render with text","location":null,"status":"passed","title":"should render with text"},{"ancestorTitles":["<Typography /> variant \"% s\""],"failureMessages":[],"fullName":"<Typography /> variant \"% s\" should render with color prop passed","location":null,"status":"passed","title":"should render with color prop passed"},{"ancestorTitles":["<Typography /> variant \"% s\""],"failureMessages":[],"fullName":"<Typography /> variant \"% s\" should render with no text","location":null,"status":"passed","title":"should render with no text"},{"ancestorTitles":["<Typography /> variant \"% s\""],"failureMessages":[],"fullName":"<Typography /> variant \"% s\" should render with text","location":null,"status":"passed","title":"should render with text"},{"ancestorTitles":["<Typography /> variant \"% s\""],"failureMessages":[],"fullName":"<Typography /> variant \"% s\" should render with color prop passed","location":null,"status":"passed","title":"should render with color prop passed"},{"ancestorTitles":["<Typography /> variant \"% s\""],"failureMessages":[],"fullName":"<Typography /> variant \"% s\" should render with no text","location":null,"status":"passed","title":"should render with no text"},{"ancestorTitles":["<Typography /> variant \"% s\""],"failureMessages":[],"fullName":"<Typography /> variant \"% s\" should render with text","location":null,"status":"passed","title":"should render with text"},{"ancestorTitles":["<Typography /> variant \"% s\""],"failureMessages":[],"fullName":"<Typography /> variant \"% s\" should render with color prop passed","location":null,"status":"passed","title":"should render with color prop passed"},{"ancestorTitles":["<Typography /> variant \"% s\""],"failureMessages":[],"fullName":"<Typography /> variant \"% s\" should render with no text","location":null,"status":"passed","title":"should render with no text"},{"ancestorTitles":["<Typography /> variant \"% s\""],"failureMessages":[],"fullName":"<Typography /> variant \"% s\" should render with text","location":null,"status":"passed","title":"should render with text"},{"ancestorTitles":["<Typography /> variant \"% s\""],"failureMessages":[],"fullName":"<Typography /> variant \"% s\" should render with color prop passed","location":null,"status":"passed","title":"should render with color prop passed"},{"ancestorTitles":["<Typography /> variant \"% s\""],"failureMessages":[],"fullName":"<Typography /> variant \"% s\" should render with no text","location":null,"status":"passed","title":"should render with no text"},{"ancestorTitles":["<Typography /> variant \"% s\""],"failureMessages":[],"fullName":"<Typography /> variant \"% s\" should render with text","location":null,"status":"passed","title":"should render with text"},{"ancestorTitles":["<Typography /> variant \"% s\""],"failureMessages":[],"fullName":"<Typography /> variant \"% s\" should render with color prop passed","location":null,"status":"passed","title":"should render with color prop passed"},{"ancestorTitles":["<Typography /> variant \"% s\""],"failureMessages":[],"fullName":"<Typography /> variant \"% s\" should render with no text","location":null,"status":"passed","title":"should render with no text"},{"ancestorTitles":["<Typography /> variant \"% s\""],"failureMessages":[],"fullName":"<Typography /> variant \"% s\" should render with text","location":null,"status":"passed","title":"should render with text"},{"ancestorTitles":["<Typography /> variant \"% s\""],"failureMessages":[],"fullName":"<Typography /> variant \"% s\" should render with color prop passed","location":null,"status":"passed","title":"should render with color prop passed"}],"endTime":1614716850277,"message":"","name":"/Users/CESARMAC/Desktop/NT/ENV/osi/osi-dls/src/components/Typography/Typography.test.js","startTime":1614716848658,"status":"passed","summary":""},{"assertionResults":[{"ancestorTitles":["TagList"],"failureMessages":[],"fullName":"TagList renders","location":null,"status":"passed","title":"renders"},{"ancestorTitles":["TagList"],"failureMessages":[],"fullName":"TagList has the correct classes","location":null,"status":"passed","title":"has the correct classes"},{"ancestorTitles":["TagList"],"failureMessages":[],"fullName":"TagList has the correct number of tag items, correct links, correct names, correct number of buttons, and no tag items.","location":null,"status":"passed","title":"has the correct number of tag items, correct links, correct names, correct number of buttons, and no tag items."},{"ancestorTitles":["TagList"],"failureMessages":[],"fullName":"TagList calls \"onClick\" prop on button click","location":null,"status":"passed","title":"calls \"onClick\" prop on button click"},{"ancestorTitles":["TagList"],"failureMessages":[],"fullName":"TagList has the correct tag items","location":null,"status":"passed","title":"has the correct tag items"}],"endTime":1614716850332,"message":"","name":"/Users/CESARMAC/Desktop/NT/ENV/osi/osi-dls/src/components/TagList/TagList.test.js","startTime":1614716843680,"status":"passed","summary":""},{"assertionResults":[{"ancestorTitles":["<ProgressBar />"],"failureMessages":[],"fullName":"<ProgressBar /> correctly renders progress in percentage-bar width","location":null,"status":"passed","title":"correctly renders progress in percentage-bar width"},{"ancestorTitles":["<ProgressBar />"],"failureMessages":[],"fullName":"<ProgressBar /> correctly renders completed progress bar","location":null,"status":"passed","title":"correctly renders completed progress bar"},{"ancestorTitles":["<ProgressBar />"],"failureMessages":[],"fullName":"<ProgressBar /> correctly renders zero progress","location":null,"status":"passed","title":"correctly renders zero progress"},{"ancestorTitles":["<ProgressBar />"],"failureMessages":[],"fullName":"<ProgressBar /> renders with invalid value (\"0\") for progressComplete","location":null,"status":"passed","title":"renders with invalid value (\"0\") for progressComplete"},{"ancestorTitles":["<ProgressBar />"],"failureMessages":[],"fullName":"<ProgressBar /> renders successfully","location":null,"status":"passed","title":"renders successfully"}],"endTime":1614716850517,"message":"","name":"/Users/CESARMAC/Desktop/NT/ENV/osi/osi-dls/src/components/ProgressBar/ProgressBar.test.js","startTime":1614716849075,"status":"passed","summary":""},{"assertionResults":[{"ancestorTitles":["Breadcrumbs component"],"failureMessages":[],"fullName":"Breadcrumbs component should render the correct crumbItems","location":null,"status":"passed","title":"should render the correct crumbItems"},{"ancestorTitles":["Breadcrumbs component"],"failureMessages":[],"fullName":"Breadcrumbs component accepts a custom aria label for the nav","location":null,"status":"passed","title":"accepts a custom aria label for the nav"},{"ancestorTitles":["Breadcrumbs component"],"failureMessages":[],"fullName":"Breadcrumbs component matches previous snapshot","location":null,"status":"passed","title":"matches previous snapshot"}],"endTime":1614716850680,"message":"","name":"/Users/CESARMAC/Desktop/NT/ENV/osi/osi-dls/src/components/Breadcrumbs/Breadcrumbs.test.js","startTime":1614716848953,"status":"passed","summary":""},{"assertionResults":[{"ancestorTitles":["BreadcrumbItems component"],"failureMessages":[],"fullName":"BreadcrumbItems component should render the correct title","location":null,"status":"passed","title":"should render the correct title"},{"ancestorTitles":["BreadcrumbItems component"],"failureMessages":[],"fullName":"BreadcrumbItems component should render an anchor with the right target","location":null,"status":"passed","title":"should render an anchor with the right target"},{"ancestorTitles":["BreadcrumbItems component"],"failureMessages":[],"fullName":"BreadcrumbItems component should render an anchor with the right rel","location":null,"status":"passed","title":"should render an anchor with the right rel"},{"ancestorTitles":["BreadcrumbItems component"],"failureMessages":[],"fullName":"BreadcrumbItems component matches previous snapshot","location":null,"status":"passed","title":"matches previous snapshot"}],"endTime":1614716850857,"message":"","name":"/Users/CESARMAC/Desktop/NT/ENV/osi/osi-dls/src/components/Breadcrumbs/BreadcrumbItem.test.js","startTime":1614716849446,"status":"passed","summary":""},{"assertionResults":[{"ancestorTitles":["Button"],"failureMessages":[],"fullName":"Button renders Button component","location":null,"status":"passed","title":"renders Button component"},{"ancestorTitles":["Button"],"failureMessages":[],"fullName":"Button should have a class of \"btn\"","location":null,"status":"passed","title":"should have a class of \"btn\""},{"ancestorTitles":["Button"],"failureMessages":[],"fullName":"Button renders a label within the button","location":null,"status":"passed","title":"renders a label within the button"},{"ancestorTitles":["Button"],"failureMessages":[],"fullName":"Button calls \"onClick\" prop on button click","location":null,"status":"passed","title":"calls \"onClick\" prop on button click"}],"endTime":1614716850946,"message":"","name":"/Users/CESARMAC/Desktop/NT/ENV/osi/osi-dls/src/components/Button/Button.test.js","startTime":1614716849649,"status":"passed","summary":""},{"assertionResults":[{"ancestorTitles":["<Segmented Control />"],"failureMessages":[],"fullName":"<Segmented Control /> renders","location":null,"status":"passed","title":"renders"}],"endTime":1614716851596,"message":"","name":"/Users/CESARMAC/Desktop/NT/ENV/osi/osi-dls/src/components/FormFields/SegmentedControl/SegmentedControl.test.js","startTime":1614716850394,"status":"passed","summary":""},{"assertionResults":[{"ancestorTitles":["<SimpleContent />"],"failureMessages":[],"fullName":"<SimpleContent /> Should render","location":null,"status":"passed","title":"Should render"},{"ancestorTitles":["<SimpleContent />"],"failureMessages":[],"fullName":"<SimpleContent /> Should not render icon or subhead","location":null,"status":"passed","title":"Should not render icon or subhead"}],"endTime":1614716851684,"message":"","name":"/Users/CESARMAC/Desktop/NT/ENV/osi/osi-dls/src/components/SimpleContent/SimpleContent.test.js","startTime":1614716850453,"status":"passed","summary":""},{"assertionResults":[{"ancestorTitles":["Range"],"failureMessages":[],"fullName":"Range renders Range component","location":null,"status":"passed","title":"renders Range component"},{"ancestorTitles":["Range"],"failureMessages":[],"fullName":"Range renders with value label\"","location":null,"status":"passed","title":"renders with value label\""},{"ancestorTitles":["Range"],"failureMessages":[],"fullName":"Range renders with formik\"","location":null,"status":"passed","title":"renders with formik\""}],"endTime":1614716851838,"message":"","name":"/Users/CESARMAC/Desktop/NT/ENV/osi/osi-dls/src/components/FormFields/Range/Range.test.js","startTime":1614716850555,"status":"passed","summary":""},{"assertionResults":[{"ancestorTitles":["<RadioButton />"],"failureMessages":[],"fullName":"<RadioButton /> Should render","location":null,"status":"passed","title":"Should render"},{"ancestorTitles":["<RadioButton />"],"failureMessages":[],"fullName":"<RadioButton /> Should render card style","location":null,"status":"passed","title":"Should render card style"}],"endTime":1614716851852,"message":"","name":"/Users/CESARMAC/Desktop/NT/ENV/osi/osi-dls/src/components/FormFields/RadioButton/RadioButton.test.js","startTime":1614716850706,"status":"passed","summary":""},{"assertionResults":[{"ancestorTitles":["<Image />"],"failureMessages":[],"fullName":"<Image /> props should render down to <img/>","location":null,"status":"passed","title":"props should render down to <img/>"},{"ancestorTitles":["<Image />"],"failureMessages":[],"fullName":"<Image /> soucre tags should render","location":null,"status":"passed","title":"soucre tags should render"},{"ancestorTitles":["<Image />"],"failureMessages":[],"fullName":"<Image /> picture attributes should render","location":null,"status":"passed","title":"picture attributes should render"}],"endTime":1614716851862,"message":"","name":"/Users/CESARMAC/Desktop/NT/ENV/osi/osi-dls/src/components/Image/Image.test.js","startTime":1614716850974,"status":"passed","summary":""},{"assertionResults":[{"ancestorTitles":["<TextField />"],"failureMessages":[],"fullName":"<TextField /> Should render","location":null,"status":"passed","title":"Should render"}],"endTime":1614716851933,"message":"","name":"/Users/CESARMAC/Desktop/NT/ENV/osi/osi-dls/src/components/FormFields/TextField/TextField.test.js","startTime":1614716850889,"status":"passed","summary":""},{"assertionResults":[{"ancestorTitles":["<Dropdown />"],"failureMessages":[],"fullName":"<Dropdown /> Should render Default","location":null,"status":"passed","title":"Should render Default"},{"ancestorTitles":["<Dropdown />"],"failureMessages":[],"fullName":"<Dropdown /> Should render Font Dropdown","location":null,"status":"passed","title":"Should render Font Dropdown"}],"endTime":1614716852893,"message":"","name":"/Users/CESARMAC/Desktop/NT/ENV/osi/osi-dls/src/components/FormFields/Dropdown/Dropdown.test.js","startTime":1614716851867,"status":"passed","summary":""},{"assertionResults":[{"ancestorTitles":["IconButton"],"failureMessages":[],"fullName":"IconButton should render","location":null,"status":"passed","title":"should render"}],"endTime":1614716853072,"message":"","name":"/Users/CESARMAC/Desktop/NT/ENV/osi/osi-dls/src/components/IconButton/IconButton.test.js","startTime":1614716851972,"status":"passed","summary":""},{"assertionResults":[{"ancestorTitles":["<ToggleSwitch />"],"failureMessages":[],"fullName":"<ToggleSwitch /> should render ","location":null,"status":"passed","title":"should render "}],"endTime":1614716853081,"message":"","name":"/Users/CESARMAC/Desktop/NT/ENV/osi/osi-dls/src/components/FormFields/ToggleSwitch/ToggleSwitch.test.js","startTime":1614716852047,"status":"passed","summary":""},{"assertionResults":[{"ancestorTitles":["<Textlink />"],"failureMessages":[],"fullName":"<Textlink /> Should render the component <TextLink /> with minimum required props (to, title)","location":null,"status":"passed","title":"Should render the component <TextLink /> with minimum required props (to, title)"},{"ancestorTitles":["<Textlink />"],"failureMessages":[],"fullName":"<Textlink /> Should find and click of the component <TextLink />, based on text-query, resulting in page load of https://osilife.com/","location":null,"status":"passed","title":"Should find and click of the component <TextLink />, based on text-query, resulting in page load of https://osilife.com/"},{"ancestorTitles":["<Textlink />"],"failureMessages":[],"fullName":"<Textlink /> Should render an icon within the component <TextLink />, with required props (to, title)","location":null,"status":"passed","title":"Should render an icon within the component <TextLink />, with required props (to, title)"}],"endTime":1614716853262,"message":"","name":"/Users/CESARMAC/Desktop/NT/ENV/osi/osi-dls/src/components/TextLink/TextLink.test.js","startTime":1614716852048,"status":"passed","summary":""},{"assertionResults":[{"ancestorTitles":["<InfoBadge />"],"failureMessages":[],"fullName":"<InfoBadge /> renders and matches snapshot","location":null,"status":"passed","title":"renders and matches snapshot"},{"ancestorTitles":["<InfoBadge />"],"failureMessages":[],"fullName":"<InfoBadge /> has correct class and color","location":null,"status":"passed","title":"has correct class and color"}],"endTime":1614716853272,"message":"","name":"/Users/CESARMAC/Desktop/NT/ENV/osi/osi-dls/src/components/InfoBadge/InfoBadge.test.js","startTime":1614716852193,"status":"passed","summary":""},{"assertionResults":[{"ancestorTitles":["<Icon />"],"failureMessages":[],"fullName":"<Icon /> should render","location":null,"status":"passed","title":"should render"},{"ancestorTitles":["<Icon />"],"failureMessages":[],"fullName":"<Icon /> should render with correct icon, color and size classes","location":null,"status":"passed","title":"should render with correct icon, color and size classes"},{"ancestorTitles":["<Icon />"],"failureMessages":[],"fullName":"<Icon /> should render with correct error and disabled states","location":null,"status":"passed","title":"should render with correct error and disabled states"},{"ancestorTitles":["<Icon />"],"failureMessages":[],"fullName":"<Icon /> should render default badge, correct class, correct color, correct count","location":null,"status":"passed","title":"should render default badge, correct class, correct color, correct count"}],"endTime":1614716853291,"message":"","name":"/Users/CESARMAC/Desktop/NT/ENV/osi/osi-dls/src/components/Icon/Icon.test.js","startTime":1614716852099,"status":"passed","summary":""},{"assertionResults":[{"ancestorTitles":["<Script />"],"failureMessages":[],"fullName":"<Script /> renders","location":null,"status":"passed","title":"renders"},{"ancestorTitles":["<Script />"],"failureMessages":[],"fullName":"<Script /> renders properly using the url prop","location":null,"status":"passed","title":"renders properly using the url prop"},{"ancestorTitles":["<Script />"],"failureMessages":[],"fullName":"<Script /> renders properly using the text prop","location":null,"status":"passed","title":"renders properly using the text prop"}],"endTime":1614716854235,"message":"","name":"/Users/CESARMAC/Desktop/NT/ENV/osi/osi-dls/src/components/Script/Script.test.js","startTime":1614716852959,"status":"passed","summary":""},{"assertionResults":[{"ancestorTitles":["<MediaGallery />"],"failureMessages":[],"fullName":"<MediaGallery /> should render","location":null,"status":"passed","title":"should render"}],"endTime":1614716854370,"message":"","name":"/Users/CESARMAC/Desktop/NT/ENV/osi/osi-dls/src/components/MediaGallery/MediaGallery.test.js","startTime":1614716853409,"status":"passed","summary":""},{"assertionResults":[{"ancestorTitles":["UtilityLink"],"failureMessages":[],"fullName":"UtilityLink renders Utility Link component","location":null,"status":"passed","title":"renders Utility Link component"},{"ancestorTitles":["UtilityLink"],"failureMessages":[],"fullName":"UtilityLink parent container should have a class of utility-link","location":null,"status":"passed","title":"parent container should have a class of utility-link"},{"ancestorTitles":["UtilityLink"],"failureMessages":[],"fullName":"UtilityLink tests whether the correct title and icon are rendered in utility link","location":null,"status":"passed","title":"tests whether the correct title and icon are rendered in utility link"}],"endTime":1614716854425,"message":"","name":"/Users/CESARMAC/Desktop/NT/ENV/osi/osi-dls/src/components/UtilityLink/UtilityLink.test.js","startTime":1614716853141,"status":"passed","summary":""},{"assertionResults":[{"ancestorTitles":["ContentPanels"],"failureMessages":[],"fullName":"ContentPanels renders ContentPanels component","location":null,"status":"passed","title":"renders ContentPanels component"}],"endTime":1614716854480,"message":"","name":"/Users/CESARMAC/Desktop/NT/ENV/osi/osi-dls/src/components/ContentPanels/ContentPanel/ContentPanel.test.js","startTime":1614716853217,"status":"passed","summary":""},{"assertionResults":[{"ancestorTitles":["<Badge />"],"failureMessages":[],"fullName":"<Badge /> renders","location":null,"status":"passed","title":"renders"},{"ancestorTitles":["<Badge />"],"failureMessages":[],"fullName":"<Badge /> has correct class and color","location":null,"status":"passed","title":"has correct class and color"},{"ancestorTitles":["<Badge />"],"failureMessages":[],"fullName":"<Badge /> does not render if less than 1","location":null,"status":"passed","title":"does not render if less than 1"}],"endTime":1614716854743,"message":"","name":"/Users/CESARMAC/Desktop/NT/ENV/osi/osi-dls/src/components/Badge/Badge.test.js","startTime":1614716853370,"status":"passed","summary":""},{"assertionResults":[{"ancestorTitles":["<List />"],"failureMessages":[],"fullName":"<List /> should renders without props ","location":null,"status":"passed","title":"should renders without props "},{"ancestorTitles":["<List />"],"failureMessages":[],"fullName":"<List /> should contain list of ordered items ","location":null,"status":"passed","title":"should contain list of ordered items "}],"endTime":1614716854754,"message":"","name":"/Users/CESARMAC/Desktop/NT/ENV/osi/osi-dls/src/components/List/List.test.js","startTime":1614716853436,"status":"passed","summary":""},{"assertionResults":[{"ancestorTitles":["<AudioPlayer />"],"failureMessages":[],"fullName":"<AudioPlayer /> should render","location":null,"status":"passed","title":"should render"},{"ancestorTitles":["<AudioPlayer />"],"failureMessages":[],"fullName":"<AudioPlayer /> should render mulitple sources","location":null,"status":"passed","title":"should render mulitple sources"}],"endTime":1614716855115,"message":"","name":"/Users/CESARMAC/Desktop/NT/ENV/osi/osi-dls/src/components/Media/AudioPlayer/AudioPlayer.test.js","startTime":1614716854249,"status":"passed","summary":""},{"assertionResults":[{"ancestorTitles":["ContentCard"],"failureMessages":[],"fullName":"ContentCard Should render","location":null,"status":"passed","title":"Should render"}],"endTime":1614716855158,"message":"","name":"/Users/CESARMAC/Desktop/NT/ENV/osi/osi-dls/src/components/ContentCard/ContentCard.test.js","startTime":1614716854461,"status":"passed","summary":""},{"assertionResults":[{"ancestorTitles":["<SubBranding />"],"failureMessages":[],"fullName":"<SubBranding /> should render ","location":null,"status":"passed","title":"should render "}],"endTime":1614716855521,"message":"","name":"/Users/CESARMAC/Desktop/NT/ENV/osi/osi-dls/src/components/SubBranding/SubBranding.test.js","startTime":1614716854634,"status":"passed","summary":""},{"assertionResults":[{"ancestorTitles":["<DescriptionList />"],"failureMessages":[],"fullName":"<DescriptionList /> should render ","location":null,"status":"passed","title":"should render "}],"endTime":1614716855593,"message":"","name":"/Users/CESARMAC/Desktop/NT/ENV/osi/osi-dls/src/components/DescriptionList/DescriptionList.test.js","startTime":1614716854524,"status":"passed","summary":""},{"assertionResults":[{"ancestorTitles":["<Wrapper />"],"failureMessages":[],"fullName":"<Wrapper /> Should render","location":null,"status":"passed","title":"Should render"}],"endTime":1614716855758,"message":"","name":"/Users/CESARMAC/Desktop/NT/ENV/osi/osi-dls/src/components/Wrapper/Wrapper.test.js","startTime":1614716854850,"status":"passed","summary":""},{"assertionResults":[{"ancestorTitles":["<Accordion />"],"failureMessages":[],"fullName":"<Accordion /> should render","location":null,"status":"passed","title":"should render"},{"ancestorTitles":["<Accordion />"],"failureMessages":[],"fullName":"<Accordion /> should render accordion with 3 sections","location":null,"status":"passed","title":"should render accordion with 3 sections"}],"endTime":1614716855861,"message":"","name":"/Users/CESARMAC/Desktop/NT/ENV/osi/osi-dls/src/components/Accordion/Accordion.test.js","startTime":1614716854787,"status":"passed","summary":""},{"assertionResults":[{"ancestorTitles":["<CulturalIndicator />"],"failureMessages":[],"fullName":"<CulturalIndicator /> should render ","location":null,"status":"passed","title":"should render "}],"endTime":1614716856465,"message":"","name":"/Users/CESARMAC/Desktop/NT/ENV/osi/osi-dls/src/components/CulturalIndicator/CulturalIndicator.test.js","startTime":1614716855421,"status":"passed","summary":""},{"assertionResults":[{"ancestorTitles":["<Overview />"],"failureMessages":[],"fullName":"<Overview /> Should render","location":null,"status":"passed","title":"Should render"}],"endTime":1614716856513,"message":"","name":"/Users/CESARMAC/Desktop/NT/ENV/osi/osi-dls/src/Overview/Overview.test.js","startTime":1614716855740,"status":"passed","summary":""},{"assertionResults":[{"ancestorTitles":["<ImageSource />"],"failureMessages":[],"fullName":"<ImageSource /> Should render","location":null,"status":"passed","title":"Should render"},{"ancestorTitles":["<ImageSource />"],"failureMessages":[],"fullName":"<ImageSource /> Should render with attributes","location":null,"status":"passed","title":"Should render with attributes"}],"endTime":1614716856585,"message":"","name":"/Users/CESARMAC/Desktop/NT/ENV/osi/osi-dls/src/components/Image/ImageSource.test.js","startTime":1614716855590,"status":"passed","summary":""},{"assertionResults":[{"ancestorTitles":["<Checkbox />"],"failureMessages":[],"fullName":"<Checkbox /> Should render","location":null,"status":"passed","title":"Should render"}],"endTime":1614716856615,"message":"","name":"/Users/CESARMAC/Desktop/NT/ENV/osi/osi-dls/src/components/FormFields/Checkbox/Checkbox.test.js","startTime":1614716855493,"status":"passed","summary":""},{"assertionResults":[{"ancestorTitles":["Collapse"],"failureMessages":[],"fullName":"Collapse Should render","location":null,"status":"passed","title":"Should render"}],"endTime":1614716856832,"message":"","name":"/Users/CESARMAC/Desktop/NT/ENV/osi/osi-dls/src/components/Collapse/Collapse.test.js","startTime":1614716855945,"status":"passed","summary":""},{"assertionResults":[{"ancestorTitles":["<Carousel />"],"failureMessages":[],"fullName":"<Carousel /> should render","location":null,"status":"passed","title":"should render"},{"ancestorTitles":["<Carousel />"],"failureMessages":[],"fullName":"<Carousel /> should render with correct number of children","location":null,"status":"passed","title":"should render with correct number of children"}],"endTime":1614716856871,"message":"","name":"/Users/CESARMAC/Desktop/NT/ENV/osi/osi-dls/src/components/Carousel/Carousel.test.js","startTime":1614716855917,"status":"passed","summary":""},{"assertionResults":[{"ancestorTitles":["<Tooltip />"],"failureMessages":[],"fullName":"<Tooltip /> should renders without props ","location":null,"status":"passed","title":"should renders without props "}],"endTime":1614716857226,"message":"","name":"/Users/CESARMAC/Desktop/NT/ENV/osi/osi-dls/src/components/Tooltip/Tooltip.test.js","startTime":1614716856499,"status":"passed","summary":""},{"assertionResults":[{"ancestorTitles":["<InlineSVG />"],"failureMessages":[],"fullName":"<InlineSVG /> Should render","location":null,"status":"passed","title":"Should render"},{"ancestorTitles":["<InlineSVG />"],"failureMessages":[],"fullName":"<InlineSVG /> test-inlinesvg div should render","location":null,"status":"passed","title":"test-inlinesvg div should render"}],"endTime":1614716857384,"message":"","name":"/Users/CESARMAC/Desktop/NT/ENV/osi/osi-dls/src/components/InlineSVG/InlineSVG.test.js","startTime":1614716856626,"status":"passed","summary":""},{"assertionResults":[{"ancestorTitles":["<VideoPlayer />"],"failureMessages":[],"fullName":"<VideoPlayer /> should render Video Player with a source and track and poster","location":null,"status":"passed","title":"should render Video Player with a source and track and poster"},{"ancestorTitles":["<VideoPlayer />"],"failureMessages":[],"fullName":"<VideoPlayer /> should render Video Player with override source","location":null,"status":"passed","title":"should render Video Player with override source"},{"ancestorTitles":["<VideoPlayer />"],"failureMessages":[],"fullName":"<VideoPlayer /> decoration video","location":null,"status":"passed","title":"decoration video"}],"endTime":1614716857507,"message":"","name":"/Users/CESARMAC/Desktop/NT/ENV/osi/osi-dls/src/components/Media/VideoPlayer/VideoPlayer.test.js","startTime":1614716856706,"status":"passed","summary":""},{"assertionResults":[{"ancestorTitles":["<Fieldset />"],"failureMessages":[],"fullName":"<Fieldset /> Should render Radio Buttons","location":null,"status":"passed","title":"Should render Radio Buttons"}],"endTime":1614716857786,"message":"","name":"/Users/CESARMAC/Desktop/NT/ENV/osi/osi-dls/src/components/FormFields/Fieldset/Fieldset.test.js","startTime":1614716856852,"status":"passed","summary":""},{"assertionResults":[{"ancestorTitles":["<Wave />"],"failureMessages":[],"fullName":"<Wave /> should render wave component","location":null,"status":"passed","title":"should render wave component"}],"endTime":1614716858831,"message":"","name":"/Users/CESARMAC/Desktop/NT/ENV/osi/osi-dls/src/components/Wave/Wave.test.js","startTime":1614716856980,"status":"passed","summary":""},{"assertionResults":[{"ancestorTitles":["Toast"],"failureMessages":[],"fullName":"Toast should render","location":null,"status":"passed","title":"should render"}],"endTime":1614716859391,"message":"","name":"/Users/CESARMAC/Desktop/NT/ENV/osi/osi-dls/src/components/Toast/Toast.test.js","startTime":1614716857258,"status":"passed","summary":""},{"assertionResults":[{"ancestorTitles":["<AccentIcon />"],"failureMessages":[],"fullName":"<AccentIcon /> renders","location":null,"status":"passed","title":"renders"},{"ancestorTitles":["<AccentIcon />"],"failureMessages":[],"fullName":"<AccentIcon /> accent SVG renders","location":null,"status":"passed","title":"accent SVG renders"},{"ancestorTitles":["<AccentIcon />"],"failureMessages":[],"fullName":"<AccentIcon /> icon renders","location":null,"status":"passed","title":"icon renders"},{"ancestorTitles":["<AccentIcon />"],"failureMessages":[],"fullName":"<AccentIcon /> icon renders with supplied accentColor \"brand-purple\"","location":null,"status":"passed","title":"icon renders with supplied accentColor \"brand-purple\""},{"ancestorTitles":["<AccentIcon />"],"failureMessages":[],"fullName":"<AccentIcon /> icon renders with supplied icon \"achievement\"","location":null,"status":"passed","title":"icon renders with supplied icon \"achievement\""}],"endTime":1614716859581,"message":"","name":"/Users/CESARMAC/Desktop/NT/ENV/osi/osi-dls/src/components/AccentIcon/AccentIcon.test.js","startTime":1614716857417,"status":"passed","summary":""},{"assertionResults":[{"ancestorTitles":["<DialogExample />"],"failureMessages":[],"fullName":"<DialogExample /> renders Dialog component","location":null,"status":"passed","title":"renders Dialog component"},{"ancestorTitles":["<FeatureModalExample />"],"failureMessages":[],"fullName":"<FeatureModalExample /> renders Feature Modal component","location":null,"status":"passed","title":"renders Feature Modal component"},{"ancestorTitles":["<FeatureModalExample />"],"failureMessages":[],"fullName":"<FeatureModalExample /> opens and closes Dialog Window","location":null,"status":"passed","title":"opens and closes Dialog Window"},{"ancestorTitles":["<FeatureModalExample />"],"failureMessages":[],"fullName":"<FeatureModalExample /> hides Feature Modal Exposed Trigger","location":null,"status":"passed","title":"hides Feature Modal Exposed Trigger"}],"endTime":1614716859723,"message":"","name":"/Users/CESARMAC/Desktop/NT/ENV/osi/osi-dls/src/components/Dialog/Dialog.test.js","startTime":1614716856986,"status":"passed","summary":""},{"assertionResults":[{"ancestorTitles":["<Hero />"],"failureMessages":[],"fullName":"<Hero /> should render with correct classes","location":null,"status":"passed","title":"should render with correct classes"}],"endTime":1614716859970,"message":"","name":"/Users/CESARMAC/Desktop/NT/ENV/osi/osi-dls/src/ContentComponents/Hero/Hero.test.js","startTime":1614716857551,"status":"passed","summary":""},{"assertionResults":[{"ancestorTitles":["<Tabs />"],"failureMessages":[],"fullName":"<Tabs /> should render with correct classes","location":null,"status":"passed","title":"should render with correct classes"}],"endTime":1614716860460,"message":"","name":"/Users/CESARMAC/Desktop/NT/ENV/osi/osi-dls/src/ContentComponents/Tabs/Tabs.test.js","startTime":1614716857947,"status":"passed","summary":""},{"assertionResults":[{"ancestorTitles":["<BasicForm />"],"failureMessages":[],"fullName":"<BasicForm /> should render","location":null,"status":"passed","title":"should render"}],"endTime":1614716860657,"message":"","name":"/Users/CESARMAC/Desktop/NT/ENV/osi/osi-dls/src/components/Forms/BasicForm/BasicForm.test.js","startTime":1614716843659,"status":"passed","summary":""}],"wasInterrupted":false}