{"numFailedTestSuites":0,"numFailedTests":0,"numPassedTestSuites":54,"numPassedTests":195,"numPendingTestSuites":0,"numPendingTests":0,"numRuntimeErrorTestSuites":0,"numTodoTests":0,"numTotalTestSuites":54,"numTotalTests":195,"openHandles":[],"snapshot":{"added":0,"didUpdate":true,"failure":false,"filesAdded":0,"filesRemoved":0,"filesRemovedList":[],"filesUnmatched":0,"filesUpdated":0,"matched":144,"total":144,"unchecked":0,"uncheckedKeysByFile":[],"unmatched":0,"updated":0},"startTime":1611689878120,"success":true,"testResults":[{"assertionResults":[{"ancestorTitles":["The ColorPaletteSwatch Component"],"failureMessages":[],"fullName":"The ColorPaletteSwatch Component getTextColorBasedOnColorBrightness function returns the correct hex","location":null,"status":"passed","title":"getTextColorBasedOnColorBrightness function returns the correct hex"},{"ancestorTitles":["The ColorPaletteSwatch Component"],"failureMessages":[],"fullName":"The ColorPaletteSwatch Component hexConvert function throws an error if the component has a missing/invalid hex prop","location":null,"status":"passed","title":"hexConvert function throws an error if the component has a missing/invalid hex prop"},{"ancestorTitles":["The ColorPaletteSwatch Component"],"failureMessages":[],"fullName":"The ColorPaletteSwatch Component hexConvert successfully converts a hex string into the correct rgb string","location":null,"status":"passed","title":"hexConvert successfully converts a hex string into the correct rgb string"},{"ancestorTitles":["The ColorPaletteSwatch Component"],"failureMessages":[],"fullName":"The ColorPaletteSwatch Component renders successfully","location":null,"status":"passed","title":"renders successfully"},{"ancestorTitles":["The ColorPalette Component"],"failureMessages":[],"fullName":"The ColorPalette Component renders successfully","location":null,"status":"passed","title":"renders successfully"},{"ancestorTitles":["The ColorPalette Component"],"failureMessages":[],"fullName":"The ColorPalette Component renders different colors based on the theme prop","location":null,"status":"passed","title":"renders different colors based on the theme prop"}],"endTime":1611689879988,"message":"","name":"/Users/heather.preiss/osi-dls/src/Overview/DesignTokens/ColorPalette/ColorPalette.test.js","startTime":1611689878702,"status":"passed","summary":""},{"assertionResults":[{"ancestorTitles":["ContentPanels"],"failureMessages":[],"fullName":"ContentPanels renders invalid child, prompts error message ","location":null,"status":"passed","title":"renders invalid child, prompts error message "},{"ancestorTitles":["ContentPanels"],"failureMessages":[],"fullName":"ContentPanels renders 3 panels component","location":null,"status":"passed","title":"renders 3 panels component"}],"endTime":1611689880188,"message":"","name":"/Users/heather.preiss/osi-dls/src/components/ContentPanels/ContentPanels.test.js","startTime":1611689878744,"status":"passed","summary":""},{"assertionResults":[{"ancestorTitles":["Collapse"],"failureMessages":[],"fullName":"Collapse Should render","location":null,"status":"passed","title":"Should render"}],"endTime":1611689880253,"message":"","name":"/Users/heather.preiss/osi-dls/src/components/Collapse/Collapse.test.js","startTime":1611689880015,"status":"passed","summary":""},{"assertionResults":[{"ancestorTitles":["<Address />"],"failureMessages":[],"fullName":"<Address /> should render content ","location":null,"status":"passed","title":"should render content "},{"ancestorTitles":["<Address />"],"failureMessages":[],"fullName":"<Address /> test \"onClick\" prop","location":null,"status":"passed","title":"test \"onClick\" prop"},{"ancestorTitles":["<Address />"],"failureMessages":[],"fullName":"<Address /> test address format","location":null,"status":"passed","title":"test address format"},{"ancestorTitles":["<Address />"],"failureMessages":[],"fullName":"<Address /> test city state zip format","location":null,"status":"passed","title":"test city state zip format"}],"endTime":1611689880407,"message":"","name":"/Users/heather.preiss/osi-dls/src/components/Address/Address.test.js","startTime":1611689878768,"status":"passed","summary":""},{"assertionResults":[{"ancestorTitles":["<LikeButtons/>"],"failureMessages":[],"fullName":"<LikeButtons/> correctly displays initial count values","location":null,"status":"passed","title":"correctly displays initial count values"},{"ancestorTitles":["<LikeButtons/>"],"failureMessages":[],"fullName":"<LikeButtons/> calls \"handle click\" prop on like/dislike button click","location":null,"status":"passed","title":"calls \"handle click\" prop on like/dislike button click"},{"ancestorTitles":["<LikeButtons/>"],"failureMessages":[],"fullName":"<LikeButtons/> renders like and dislike buttons successfully","location":null,"status":"passed","title":"renders like and dislike buttons successfully"},{"ancestorTitles":["<LikeButtons/>"],"failureMessages":[],"fullName":"<LikeButtons/> should render <LikeButtons>","location":null,"status":"passed","title":"should render <LikeButtons>"}],"endTime":1611689880456,"message":"","name":"/Users/heather.preiss/osi-dls/src/components/LikeButtons/LikeButtons.test.js","startTime":1611689878764,"status":"passed","summary":""},{"assertionResults":[{"ancestorTitles":["<Hero />"],"failureMessages":[],"fullName":"<Hero /> should render with correct classes","location":null,"status":"passed","title":"should render with correct classes"}],"endTime":1611689880485,"message":"","name":"/Users/heather.preiss/osi-dls/src/ContentComponents/Hero/Hero.test.js","startTime":1611689878730,"status":"passed","summary":""},{"assertionResults":[{"ancestorTitles":["<Carousel />"],"failureMessages":[],"fullName":"<Carousel /> should render","location":null,"status":"passed","title":"should render"},{"ancestorTitles":["<Carousel />"],"failureMessages":[],"fullName":"<Carousel /> should render with correct number of children","location":null,"status":"passed","title":"should render with correct number of children"}],"endTime":1611689880652,"message":"","name":"/Users/heather.preiss/osi-dls/src/components/Carousel/Carousel.test.js","startTime":1611689880467,"status":"passed","summary":""},{"assertionResults":[{"ancestorTitles":["TagList"],"failureMessages":[],"fullName":"TagList renders","location":null,"status":"passed","title":"renders"},{"ancestorTitles":["TagList"],"failureMessages":[],"fullName":"TagList has the correct classes","location":null,"status":"passed","title":"has the correct classes"},{"ancestorTitles":["TagList"],"failureMessages":[],"fullName":"TagList has the correct number of tag items, correct links, correct names, correct number of buttons, and no tag items.","location":null,"status":"passed","title":"has the correct number of tag items, correct links, correct names, correct number of buttons, and no tag items."},{"ancestorTitles":["TagList"],"failureMessages":[],"fullName":"TagList calls \"onClick\" prop on button click","location":null,"status":"passed","title":"calls \"onClick\" prop on button click"},{"ancestorTitles":["TagList"],"failureMessages":[],"fullName":"TagList has the correct tag items","location":null,"status":"passed","title":"has the correct tag items"}],"endTime":1611689880695,"message":"","name":"/Users/heather.preiss/osi-dls/src/components/TagList/TagList.test.js","startTime":1611689878741,"status":"passed","summary":""},{"assertionResults":[{"ancestorTitles":["<RadioButton />"],"failureMessages":[],"fullName":"<RadioButton /> Should render","location":null,"status":"passed","title":"Should render"},{"ancestorTitles":["<RadioButton />"],"failureMessages":[],"fullName":"<RadioButton /> Should render card style","location":null,"status":"passed","title":"Should render card style"}],"endTime":1611689880755,"message":"","name":"/Users/heather.preiss/osi-dls/src/components/FormFields/RadioButton/RadioButton.test.js","startTime":1611689880513,"status":"passed","summary":""},{"assertionResults":[{"ancestorTitles":["<Typography />"],"failureMessages":[],"fullName":"<Typography /> should not render when no props are provided","location":null,"status":"passed","title":"should not render when no props are provided"},{"ancestorTitles":["<Typography />"],"failureMessages":[],"fullName":"<Typography /> should not render when an invalid prop is provided","location":null,"status":"passed","title":"should not render when an invalid prop is provided"},{"ancestorTitles":["<Typography />"],"failureMessages":[],"fullName":"<Typography /> should not render when \"variant\" is provided an invalid variant","location":null,"status":"passed","title":"should not render when \"variant\" is provided an invalid variant"},{"ancestorTitles":["<Typography /> variant \"% s\""],"failureMessages":[],"fullName":"<Typography /> variant \"% s\" should render with no text","location":null,"status":"passed","title":"should render with no text"},{"ancestorTitles":["<Typography /> variant \"% s\""],"failureMessages":[],"fullName":"<Typography /> variant \"% s\" should render with text","location":null,"status":"passed","title":"should render with text"},{"ancestorTitles":["<Typography /> variant \"% s\""],"failureMessages":[],"fullName":"<Typography /> variant \"% s\" should render with color prop passed","location":null,"status":"passed","title":"should render with color prop passed"},{"ancestorTitles":["<Typography /> variant \"% s\""],"failureMessages":[],"fullName":"<Typography /> variant \"% s\" should render with no text","location":null,"status":"passed","title":"should render with no text"},{"ancestorTitles":["<Typography /> variant \"% s\""],"failureMessages":[],"fullName":"<Typography /> variant \"% s\" should render with text","location":null,"status":"passed","title":"should render with text"},{"ancestorTitles":["<Typography /> variant \"% s\""],"failureMessages":[],"fullName":"<Typography /> variant \"% s\" should render with color prop passed","location":null,"status":"passed","title":"should render with color prop passed"},{"ancestorTitles":["<Typography /> variant \"% s\""],"failureMessages":[],"fullName":"<Typography /> variant \"% s\" should render with no text","location":null,"status":"passed","title":"should render with no text"},{"ancestorTitles":["<Typography /> variant \"% s\""],"failureMessages":[],"fullName":"<Typography /> variant \"% s\" should render with text","location":null,"status":"passed","title":"should render with text"},{"ancestorTitles":["<Typography /> variant \"% s\""],"failureMessages":[],"fullName":"<Typography /> variant \"% s\" should render with color prop passed","location":null,"status":"passed","title":"should render with color prop passed"},{"ancestorTitles":["<Typography /> variant \"% s\""],"failureMessages":[],"fullName":"<Typography /> variant \"% s\" should render with no text","location":null,"status":"passed","title":"should render with no text"},{"ancestorTitles":["<Typography /> variant \"% s\""],"failureMessages":[],"fullName":"<Typography /> variant \"% s\" should render with text","location":null,"status":"passed","title":"should render with text"},{"ancestorTitles":["<Typography /> variant \"% s\""],"failureMessages":[],"fullName":"<Typography /> variant \"% s\" should render with color prop passed","location":null,"status":"passed","title":"should render with color prop passed"},{"ancestorTitles":["<Typography /> variant \"% s\""],"failureMessages":[],"fullName":"<Typography /> variant \"% s\" should render with no text","location":null,"status":"passed","title":"should render with no text"},{"ancestorTitles":["<Typography /> variant \"% s\""],"failureMessages":[],"fullName":"<Typography /> variant \"% s\" should render with text","location":null,"status":"passed","title":"should render with text"},{"ancestorTitles":["<Typography /> variant \"% s\""],"failureMessages":[],"fullName":"<Typography /> variant \"% s\" should render with color prop passed","location":null,"status":"passed","title":"should render with color prop passed"},{"ancestorTitles":["<Typography /> variant \"% s\""],"failureMessages":[],"fullName":"<Typography /> variant \"% s\" should render with no text","location":null,"status":"passed","title":"should render with no text"},{"ancestorTitles":["<Typography /> variant \"% s\""],"failureMessages":[],"fullName":"<Typography /> variant \"% s\" should render with text","location":null,"status":"passed","title":"should render with text"},{"ancestorTitles":["<Typography /> variant \"% s\""],"failureMessages":[],"fullName":"<Typography /> variant \"% s\" should render with color prop passed","location":null,"status":"passed","title":"should render with color prop passed"},{"ancestorTitles":["<Typography /> variant \"% s\""],"failureMessages":[],"fullName":"<Typography /> variant \"% s\" should render with no text","location":null,"status":"passed","title":"should render with no text"},{"ancestorTitles":["<Typography /> variant \"% s\""],"failureMessages":[],"fullName":"<Typography /> variant \"% s\" should render with text","location":null,"status":"passed","title":"should render with text"},{"ancestorTitles":["<Typography /> variant \"% s\""],"failureMessages":[],"fullName":"<Typography /> variant \"% s\" should render with color prop passed","location":null,"status":"passed","title":"should render with color prop passed"},{"ancestorTitles":["<Typography /> variant \"% s\""],"failureMessages":[],"fullName":"<Typography /> variant \"% s\" should render with no text","location":null,"status":"passed","title":"should render with no text"},{"ancestorTitles":["<Typography /> variant \"% s\""],"failureMessages":[],"fullName":"<Typography /> variant \"% s\" should render with text","location":null,"status":"passed","title":"should render with text"},{"ancestorTitles":["<Typography /> variant \"% s\""],"failureMessages":[],"fullName":"<Typography /> variant \"% s\" should render with color prop passed","location":null,"status":"passed","title":"should render with color prop passed"},{"ancestorTitles":["<Typography /> variant \"% s\""],"failureMessages":[],"fullName":"<Typography /> variant \"% s\" should render with no text","location":null,"status":"passed","title":"should render with no text"},{"ancestorTitles":["<Typography /> variant \"% s\""],"failureMessages":[],"fullName":"<Typography /> variant \"% s\" should render with text","location":null,"status":"passed","title":"should render with text"},{"ancestorTitles":["<Typography /> variant \"% s\""],"failureMessages":[],"fullName":"<Typography /> variant \"% s\" should render with color prop passed","location":null,"status":"passed","title":"should render with color prop passed"},{"ancestorTitles":["<Typography /> variant \"% s\""],"failureMessages":[],"fullName":"<Typography /> variant \"% s\" should render with no text","location":null,"status":"passed","title":"should render with no text"},{"ancestorTitles":["<Typography /> variant \"% s\""],"failureMessages":[],"fullName":"<Typography /> variant \"% s\" should render with text","location":null,"status":"passed","title":"should render with text"},{"ancestorTitles":["<Typography /> variant \"% s\""],"failureMessages":[],"fullName":"<Typography /> variant \"% s\" should render with color prop passed","location":null,"status":"passed","title":"should render with color prop passed"},{"ancestorTitles":["<Typography /> variant \"% s\""],"failureMessages":[],"fullName":"<Typography /> variant \"% s\" should render with no text","location":null,"status":"passed","title":"should render with no text"},{"ancestorTitles":["<Typography /> variant \"% s\""],"failureMessages":[],"fullName":"<Typography /> variant \"% s\" should render with text","location":null,"status":"passed","title":"should render with text"},{"ancestorTitles":["<Typography /> variant \"% s\""],"failureMessages":[],"fullName":"<Typography /> variant \"% s\" should render with color prop passed","location":null,"status":"passed","title":"should render with color prop passed"},{"ancestorTitles":["<Typography /> variant \"% s\""],"failureMessages":[],"fullName":"<Typography /> variant \"% s\" should render with no text","location":null,"status":"passed","title":"should render with no text"},{"ancestorTitles":["<Typography /> variant \"% s\""],"failureMessages":[],"fullName":"<Typography /> variant \"% s\" should render with text","location":null,"status":"passed","title":"should render with text"},{"ancestorTitles":["<Typography /> variant \"% s\""],"failureMessages":[],"fullName":"<Typography /> variant \"% s\" should render with color prop passed","location":null,"status":"passed","title":"should render with color prop passed"},{"ancestorTitles":["<Typography /> variant \"% s\""],"failureMessages":[],"fullName":"<Typography /> variant \"% s\" should render with no text","location":null,"status":"passed","title":"should render with no text"},{"ancestorTitles":["<Typography /> variant \"% s\""],"failureMessages":[],"fullName":"<Typography /> variant \"% s\" should render with text","location":null,"status":"passed","title":"should render with text"},{"ancestorTitles":["<Typography /> variant \"% s\""],"failureMessages":[],"fullName":"<Typography /> variant \"% s\" should render with color prop passed","location":null,"status":"passed","title":"should render with color prop passed"},{"ancestorTitles":["<Typography /> variant \"% s\""],"failureMessages":[],"fullName":"<Typography /> variant \"% s\" should render with no text","location":null,"status":"passed","title":"should render with no text"},{"ancestorTitles":["<Typography /> variant \"% s\""],"failureMessages":[],"fullName":"<Typography /> variant \"% s\" should render with text","location":null,"status":"passed","title":"should render with text"},{"ancestorTitles":["<Typography /> variant \"% s\""],"failureMessages":[],"fullName":"<Typography /> variant \"% s\" should render with color prop passed","location":null,"status":"passed","title":"should render with color prop passed"},{"ancestorTitles":["<Typography /> variant \"% s\""],"failureMessages":[],"fullName":"<Typography /> variant \"% s\" should render with no text","location":null,"status":"passed","title":"should render with no text"},{"ancestorTitles":["<Typography /> variant \"% s\""],"failureMessages":[],"fullName":"<Typography /> variant \"% s\" should render with text","location":null,"status":"passed","title":"should render with text"},{"ancestorTitles":["<Typography /> variant \"% s\""],"failureMessages":[],"fullName":"<Typography /> variant \"% s\" should render with color prop passed","location":null,"status":"passed","title":"should render with color prop passed"},{"ancestorTitles":["<Typography /> variant \"% s\""],"failureMessages":[],"fullName":"<Typography /> variant \"% s\" should render with no text","location":null,"status":"passed","title":"should render with no text"},{"ancestorTitles":["<Typography /> variant \"% s\""],"failureMessages":[],"fullName":"<Typography /> variant \"% s\" should render with text","location":null,"status":"passed","title":"should render with text"},{"ancestorTitles":["<Typography /> variant \"% s\""],"failureMessages":[],"fullName":"<Typography /> variant \"% s\" should render with color prop passed","location":null,"status":"passed","title":"should render with color prop passed"},{"ancestorTitles":["<Typography /> variant \"% s\""],"failureMessages":[],"fullName":"<Typography /> variant \"% s\" should render with no text","location":null,"status":"passed","title":"should render with no text"},{"ancestorTitles":["<Typography /> variant \"% s\""],"failureMessages":[],"fullName":"<Typography /> variant \"% s\" should render with text","location":null,"status":"passed","title":"should render with text"},{"ancestorTitles":["<Typography /> variant \"% s\""],"failureMessages":[],"fullName":"<Typography /> variant \"% s\" should render with color prop passed","location":null,"status":"passed","title":"should render with color prop passed"},{"ancestorTitles":["<Typography /> variant \"% s\""],"failureMessages":[],"fullName":"<Typography /> variant \"% s\" should render with no text","location":null,"status":"passed","title":"should render with no text"},{"ancestorTitles":["<Typography /> variant \"% s\""],"failureMessages":[],"fullName":"<Typography /> variant \"% s\" should render with text","location":null,"status":"passed","title":"should render with text"},{"ancestorTitles":["<Typography /> variant \"% s\""],"failureMessages":[],"fullName":"<Typography /> variant \"% s\" should render with color prop passed","location":null,"status":"passed","title":"should render with color prop passed"},{"ancestorTitles":["<Typography /> variant \"% s\""],"failureMessages":[],"fullName":"<Typography /> variant \"% s\" should render with no text","location":null,"status":"passed","title":"should render with no text"},{"ancestorTitles":["<Typography /> variant \"% s\""],"failureMessages":[],"fullName":"<Typography /> variant \"% s\" should render with text","location":null,"status":"passed","title":"should render with text"},{"ancestorTitles":["<Typography /> variant \"% s\""],"failureMessages":[],"fullName":"<Typography /> variant \"% s\" should render with color prop passed","location":null,"status":"passed","title":"should render with color prop passed"},{"ancestorTitles":["<Typography /> variant \"% s\""],"failureMessages":[],"fullName":"<Typography /> variant \"% s\" should render with no text","location":null,"status":"passed","title":"should render with no text"},{"ancestorTitles":["<Typography /> variant \"% s\""],"failureMessages":[],"fullName":"<Typography /> variant \"% s\" should render with text","location":null,"status":"passed","title":"should render with text"},{"ancestorTitles":["<Typography /> variant \"% s\""],"failureMessages":[],"fullName":"<Typography /> variant \"% s\" should render with color prop passed","location":null,"status":"passed","title":"should render with color prop passed"},{"ancestorTitles":["<Typography /> variant \"% s\""],"failureMessages":[],"fullName":"<Typography /> variant \"% s\" should render with no text","location":null,"status":"passed","title":"should render with no text"},{"ancestorTitles":["<Typography /> variant \"% s\""],"failureMessages":[],"fullName":"<Typography /> variant \"% s\" should render with text","location":null,"status":"passed","title":"should render with text"},{"ancestorTitles":["<Typography /> variant \"% s\""],"failureMessages":[],"fullName":"<Typography /> variant \"% s\" should render with color prop passed","location":null,"status":"passed","title":"should render with color prop passed"},{"ancestorTitles":["<Typography /> variant \"% s\""],"failureMessages":[],"fullName":"<Typography /> variant \"% s\" should render with no text","location":null,"status":"passed","title":"should render with no text"},{"ancestorTitles":["<Typography /> variant \"% s\""],"failureMessages":[],"fullName":"<Typography /> variant \"% s\" should render with text","location":null,"status":"passed","title":"should render with text"},{"ancestorTitles":["<Typography /> variant \"% s\""],"failureMessages":[],"fullName":"<Typography /> variant \"% s\" should render with color prop passed","location":null,"status":"passed","title":"should render with color prop passed"},{"ancestorTitles":["<Typography /> variant \"% s\""],"failureMessages":[],"fullName":"<Typography /> variant \"% s\" should render with no text","location":null,"status":"passed","title":"should render with no text"},{"ancestorTitles":["<Typography /> variant \"% s\""],"failureMessages":[],"fullName":"<Typography /> variant \"% s\" should render with text","location":null,"status":"passed","title":"should render with text"},{"ancestorTitles":["<Typography /> variant \"% s\""],"failureMessages":[],"fullName":"<Typography /> variant \"% s\" should render with color prop passed","location":null,"status":"passed","title":"should render with color prop passed"},{"ancestorTitles":["<Typography /> variant \"% s\""],"failureMessages":[],"fullName":"<Typography /> variant \"% s\" should render with no text","location":null,"status":"passed","title":"should render with no text"},{"ancestorTitles":["<Typography /> variant \"% s\""],"failureMessages":[],"fullName":"<Typography /> variant \"% s\" should render with text","location":null,"status":"passed","title":"should render with text"},{"ancestorTitles":["<Typography /> variant \"% s\""],"failureMessages":[],"fullName":"<Typography /> variant \"% s\" should render with color prop passed","location":null,"status":"passed","title":"should render with color prop passed"}],"endTime":1611689880773,"message":"","name":"/Users/heather.preiss/osi-dls/src/components/Typography/Typography.test.js","startTime":1611689880265,"status":"passed","summary":""},{"assertionResults":[{"ancestorTitles":["<DialogExample />"],"failureMessages":[],"fullName":"<DialogExample /> renders Dialog component","location":null,"status":"passed","title":"renders Dialog component"},{"ancestorTitles":["<FeatureModalExample />"],"failureMessages":[],"fullName":"<FeatureModalExample /> renders Feature Modal component","location":null,"status":"passed","title":"renders Feature Modal component"},{"ancestorTitles":["<FeatureModalExample />"],"failureMessages":[],"fullName":"<FeatureModalExample /> opens and closes Dialog Window","location":null,"status":"passed","title":"opens and closes Dialog Window"},{"ancestorTitles":["<FeatureModalExample />"],"failureMessages":[],"fullName":"<FeatureModalExample /> hides Feature Modal Exposed Trigger","location":null,"status":"passed","title":"hides Feature Modal Exposed Trigger"}],"endTime":1611689880786,"message":"","name":"/Users/heather.preiss/osi-dls/src/components/Dialog/Dialog.test.js","startTime":1611689880421,"status":"passed","summary":""},{"assertionResults":[{"ancestorTitles":["Range"],"failureMessages":[],"fullName":"Range renders Range component","location":null,"status":"passed","title":"renders Range component"},{"ancestorTitles":["Range"],"failureMessages":[],"fullName":"Range renders with value label\"","location":null,"status":"passed","title":"renders with value label\""},{"ancestorTitles":["Range"],"failureMessages":[],"fullName":"Range renders with formik\"","location":null,"status":"passed","title":"renders with formik\""}],"endTime":1611689880950,"message":"","name":"/Users/heather.preiss/osi-dls/src/components/FormFields/Range/Range.test.js","startTime":1611689880661,"status":"passed","summary":""},{"assertionResults":[{"ancestorTitles":["<Tabs />"],"failureMessages":[],"fullName":"<Tabs /> should render with correct classes","location":null,"status":"passed","title":"should render with correct classes"}],"endTime":1611689880951,"message":"","name":"/Users/heather.preiss/osi-dls/src/ContentComponents/Tabs/Tabs.test.js","startTime":1611689880200,"status":"passed","summary":""},{"assertionResults":[{"ancestorTitles":["<Dropdown />"],"failureMessages":[],"fullName":"<Dropdown /> Should render Default","location":null,"status":"passed","title":"Should render Default"},{"ancestorTitles":["<Dropdown />"],"failureMessages":[],"fullName":"<Dropdown /> Should render Font Dropdown","location":null,"status":"passed","title":"Should render Font Dropdown"}],"endTime":1611689880959,"message":"","name":"/Users/heather.preiss/osi-dls/src/components/FormFields/Dropdown/Dropdown.test.js","startTime":1611689880759,"status":"passed","summary":""},{"assertionResults":[{"ancestorTitles":["<DataLayer />"],"failureMessages":[],"fullName":"<DataLayer /> should render","location":null,"status":"passed","title":"should render"},{"ancestorTitles":["<DataLayer />"],"failureMessages":[],"fullName":"<DataLayer /> renders properly using the dataKey and dataValue props","location":null,"status":"passed","title":"renders properly using the dataKey and dataValue props"},{"ancestorTitles":["<DataLayer />"],"failureMessages":[],"fullName":"<DataLayer /> renders properly with the dataObj prop","location":null,"status":"passed","title":"renders properly with the dataObj prop"},{"ancestorTitles":["<DataLayer />"],"failureMessages":[],"fullName":"<DataLayer /> renders properly with the depth prop","location":null,"status":"passed","title":"renders properly with the depth prop"},{"ancestorTitles":["<DataLayer />"],"failureMessages":[],"fullName":"<DataLayer /> renders properly when pushing to array","location":null,"status":"passed","title":"renders properly when pushing to array"},{"ancestorTitles":["<DataLayer />"],"failureMessages":[],"fullName":"<DataLayer /> renders properly when adding campaign ID to Promo Banner property","location":null,"status":"passed","title":"renders properly when adding campaign ID to Promo Banner property"}],"endTime":1611689881035,"message":"","name":"/Users/heather.preiss/osi-dls/src/components/DataLayer/DataLayer.test.js","startTime":1611689880818,"status":"passed","summary":""},{"assertionResults":[{"ancestorTitles":["IconButton"],"failureMessages":[],"fullName":"IconButton should render","location":null,"status":"passed","title":"should render"}],"endTime":1611689881042,"message":"","name":"/Users/heather.preiss/osi-dls/src/components/IconButton/IconButton.test.js","startTime":1611689880790,"status":"passed","summary":""},{"assertionResults":[{"ancestorTitles":["<Licensing />"],"failureMessages":[],"fullName":"<Licensing /> Should render","location":null,"status":"passed","title":"Should render"}],"endTime":1611689881105,"message":"","name":"/Users/heather.preiss/osi-dls/src/components/Licensing/Licensing.test.js","startTime":1611689880703,"status":"passed","summary":""},{"assertionResults":[{"ancestorTitles":["<Segmented Control />"],"failureMessages":[],"fullName":"<Segmented Control /> renders","location":null,"status":"passed","title":"renders"}],"endTime":1611689881157,"message":"","name":"/Users/heather.preiss/osi-dls/src/components/FormFields/SegmentedControl/SegmentedControl.test.js","startTime":1611689880964,"status":"passed","summary":""},{"assertionResults":[{"ancestorTitles":["Toast"],"failureMessages":[],"fullName":"Toast should render","location":null,"status":"passed","title":"should render"}],"endTime":1611689881180,"message":"","name":"/Users/heather.preiss/osi-dls/src/components/Toast/Toast.test.js","startTime":1611689880970,"status":"passed","summary":""},{"assertionResults":[{"ancestorTitles":["Logo"],"failureMessages":[],"fullName":"Logo renders Logo component","location":null,"status":"passed","title":"renders Logo component"}],"endTime":1611689881230,"message":"","name":"/Users/heather.preiss/osi-dls/src/components/Logo/Logo.test.js","startTime":1611689881046,"status":"passed","summary":""},{"assertionResults":[{"ancestorTitles":["<ToggleSwitch />"],"failureMessages":[],"fullName":"<ToggleSwitch /> should render ","location":null,"status":"passed","title":"should render "}],"endTime":1611689881231,"message":"","name":"/Users/heather.preiss/osi-dls/src/components/FormFields/ToggleSwitch/ToggleSwitch.test.js","startTime":1611689881044,"status":"passed","summary":""},{"assertionResults":[{"ancestorTitles":["Breadcrumbs component"],"failureMessages":[],"fullName":"Breadcrumbs component should render the correct crumbItems","location":null,"status":"passed","title":"should render the correct crumbItems"},{"ancestorTitles":["Breadcrumbs component"],"failureMessages":[],"fullName":"Breadcrumbs component accepts a custom aria label for the nav","location":null,"status":"passed","title":"accepts a custom aria label for the nav"},{"ancestorTitles":["Breadcrumbs component"],"failureMessages":[],"fullName":"Breadcrumbs component matches previous snapshot","location":null,"status":"passed","title":"matches previous snapshot"}],"endTime":1611689881261,"message":"","name":"/Users/heather.preiss/osi-dls/src/components/Breadcrumbs/Breadcrumbs.test.js","startTime":1611689880959,"status":"passed","summary":""},{"assertionResults":[{"ancestorTitles":["<Accordion />"],"failureMessages":[],"fullName":"<Accordion /> should render","location":null,"status":"passed","title":"should render"},{"ancestorTitles":["<Accordion />"],"failureMessages":[],"fullName":"<Accordion /> should render accordion with 3 sections","location":null,"status":"passed","title":"should render accordion with 3 sections"}],"endTime":1611689881263,"message":"","name":"/Users/heather.preiss/osi-dls/src/components/Accordion/Accordion.test.js","startTime":1611689881111,"status":"passed","summary":""},{"assertionResults":[{"ancestorTitles":["<Fieldset />"],"failureMessages":[],"fullName":"<Fieldset /> Should render Radio Buttons","location":null,"status":"passed","title":"Should render Radio Buttons"}],"endTime":1611689881395,"message":"","name":"/Users/heather.preiss/osi-dls/src/components/FormFields/Fieldset/Fieldset.test.js","startTime":1611689881236,"status":"passed","summary":""},{"assertionResults":[{"ancestorTitles":["<Icon />"],"failureMessages":[],"fullName":"<Icon /> should render","location":null,"status":"passed","title":"should render"},{"ancestorTitles":["<Icon />"],"failureMessages":[],"fullName":"<Icon /> should render with correct icon, color and size classes","location":null,"status":"passed","title":"should render with correct icon, color and size classes"},{"ancestorTitles":["<Icon />"],"failureMessages":[],"fullName":"<Icon /> should render with correct error and disabled states","location":null,"status":"passed","title":"should render with correct error and disabled states"},{"ancestorTitles":["<Icon />"],"failureMessages":[],"fullName":"<Icon /> should render default badge, correct class, correct color, correct count","location":null,"status":"passed","title":"should render default badge, correct class, correct color, correct count"}],"endTime":1611689881459,"message":"","name":"/Users/heather.preiss/osi-dls/src/components/Icon/Icon.test.js","startTime":1611689881266,"status":"passed","summary":""},{"assertionResults":[{"ancestorTitles":["<ProgressBar />"],"failureMessages":[],"fullName":"<ProgressBar /> correctly renders progress in percentage-bar width","location":null,"status":"passed","title":"correctly renders progress in percentage-bar width"},{"ancestorTitles":["<ProgressBar />"],"failureMessages":[],"fullName":"<ProgressBar /> correctly renders completed progress bar","location":null,"status":"passed","title":"correctly renders completed progress bar"},{"ancestorTitles":["<ProgressBar />"],"failureMessages":[],"fullName":"<ProgressBar /> correctly renders zero progress","location":null,"status":"passed","title":"correctly renders zero progress"},{"ancestorTitles":["<ProgressBar />"],"failureMessages":[],"fullName":"<ProgressBar /> renders with invalid value (\"0\") for progressComplete","location":null,"status":"passed","title":"renders with invalid value (\"0\") for progressComplete"},{"ancestorTitles":["<ProgressBar />"],"failureMessages":[],"fullName":"<ProgressBar /> renders successfully","location":null,"status":"passed","title":"renders successfully"}],"endTime":1611689881459,"message":"","name":"/Users/heather.preiss/osi-dls/src/components/ProgressBar/ProgressBar.test.js","startTime":1611689881171,"status":"passed","summary":""},{"assertionResults":[{"ancestorTitles":["BreadcrumbItems component"],"failureMessages":[],"fullName":"BreadcrumbItems component should render the correct title","location":null,"status":"passed","title":"should render the correct title"},{"ancestorTitles":["BreadcrumbItems component"],"failureMessages":[],"fullName":"BreadcrumbItems component should render an anchor with the right target","location":null,"status":"passed","title":"should render an anchor with the right target"},{"ancestorTitles":["BreadcrumbItems component"],"failureMessages":[],"fullName":"BreadcrumbItems component should render an anchor with the right rel","location":null,"status":"passed","title":"should render an anchor with the right rel"},{"ancestorTitles":["BreadcrumbItems component"],"failureMessages":[],"fullName":"BreadcrumbItems component matches previous snapshot","location":null,"status":"passed","title":"matches previous snapshot"}],"endTime":1611689881464,"message":"","name":"/Users/heather.preiss/osi-dls/src/components/Breadcrumbs/BreadcrumbItem.test.js","startTime":1611689881191,"status":"passed","summary":""},{"assertionResults":[{"ancestorTitles":["<SimpleContent />"],"failureMessages":[],"fullName":"<SimpleContent /> Should render","location":null,"status":"passed","title":"Should render"},{"ancestorTitles":["<SimpleContent />"],"failureMessages":[],"fullName":"<SimpleContent /> Should not render icon or subhead","location":null,"status":"passed","title":"Should not render icon or subhead"}],"endTime":1611689881483,"message":"","name":"/Users/heather.preiss/osi-dls/src/components/SimpleContent/SimpleContent.test.js","startTime":1611689881236,"status":"passed","summary":""},{"assertionResults":[{"ancestorTitles":["Button"],"failureMessages":[],"fullName":"Button renders Button component","location":null,"status":"passed","title":"renders Button component"},{"ancestorTitles":["Button"],"failureMessages":[],"fullName":"Button should have a class of \"btn\"","location":null,"status":"passed","title":"should have a class of \"btn\""},{"ancestorTitles":["Button"],"failureMessages":[],"fullName":"Button renders a label within the button","location":null,"status":"passed","title":"renders a label within the button"},{"ancestorTitles":["Button"],"failureMessages":[],"fullName":"Button calls \"onClick\" prop on button click","location":null,"status":"passed","title":"calls \"onClick\" prop on button click"}],"endTime":1611689881506,"message":"","name":"/Users/heather.preiss/osi-dls/src/components/Button/Button.test.js","startTime":1611689881271,"status":"passed","summary":""},{"assertionResults":[{"ancestorTitles":["<Tooltip />"],"failureMessages":[],"fullName":"<Tooltip /> should renders without props ","location":null,"status":"passed","title":"should renders without props "}],"endTime":1611689881584,"message":"","name":"/Users/heather.preiss/osi-dls/src/components/Tooltip/Tooltip.test.js","startTime":1611689881469,"status":"passed","summary":""},{"assertionResults":[{"ancestorTitles":["<AudioPlayer />"],"failureMessages":[],"fullName":"<AudioPlayer /> should render","location":null,"status":"passed","title":"should render"},{"ancestorTitles":["<AudioPlayer />"],"failureMessages":[],"fullName":"<AudioPlayer /> should render mulitple sources","location":null,"status":"passed","title":"should render mulitple sources"}],"endTime":1611689881585,"message":"","name":"/Users/heather.preiss/osi-dls/src/components/Media/AudioPlayer/AudioPlayer.test.js","startTime":1611689881468,"status":"passed","summary":""},{"assertionResults":[{"ancestorTitles":["<VideoPlayer />"],"failureMessages":[],"fullName":"<VideoPlayer /> should render Video Player with a source and track and poster","location":null,"status":"passed","title":"should render Video Player with a source and track and poster"},{"ancestorTitles":["<VideoPlayer />"],"failureMessages":[],"fullName":"<VideoPlayer /> should render Video Player with override source","location":null,"status":"passed","title":"should render Video Player with override source"},{"ancestorTitles":["<VideoPlayer />"],"failureMessages":[],"fullName":"<VideoPlayer /> decoration video","location":null,"status":"passed","title":"decoration video"}],"endTime":1611689881623,"message":"","name":"/Users/heather.preiss/osi-dls/src/components/Media/VideoPlayer/VideoPlayer.test.js","startTime":1611689881490,"status":"passed","summary":""},{"assertionResults":[{"ancestorTitles":["ContentPanels"],"failureMessages":[],"fullName":"ContentPanels renders ContentPanels component","location":null,"status":"passed","title":"renders ContentPanels component"}],"endTime":1611689881655,"message":"","name":"/Users/heather.preiss/osi-dls/src/components/ContentPanels/ContentPanel/ContentPanel.test.js","startTime":1611689881469,"status":"passed","summary":""},{"assertionResults":[{"ancestorTitles":["<AccentIcon />"],"failureMessages":[],"fullName":"<AccentIcon /> renders","location":null,"status":"passed","title":"renders"},{"ancestorTitles":["<AccentIcon />"],"failureMessages":[],"fullName":"<AccentIcon /> accent SVG renders","location":null,"status":"passed","title":"accent SVG renders"},{"ancestorTitles":["<AccentIcon />"],"failureMessages":[],"fullName":"<AccentIcon /> icon renders","location":null,"status":"passed","title":"icon renders"},{"ancestorTitles":["<AccentIcon />"],"failureMessages":[],"fullName":"<AccentIcon /> icon renders with supplied accentColor \"brand-purple\"","location":null,"status":"passed","title":"icon renders with supplied accentColor \"brand-purple\""},{"ancestorTitles":["<AccentIcon />"],"failureMessages":[],"fullName":"<AccentIcon /> icon renders with supplied icon \"achievement\"","location":null,"status":"passed","title":"icon renders with supplied icon \"achievement\""}],"endTime":1611689881657,"message":"","name":"/Users/heather.preiss/osi-dls/src/components/AccentIcon/AccentIcon.test.js","startTime":1611689881405,"status":"passed","summary":""},{"assertionResults":[{"ancestorTitles":["<Textlink />"],"failureMessages":[],"fullName":"<Textlink /> Should render the component <TextLink /> with minimum required props (to, title)","location":null,"status":"passed","title":"Should render the component <TextLink /> with minimum required props (to, title)"},{"ancestorTitles":["<Textlink />"],"failureMessages":[],"fullName":"<Textlink /> Should find and click of the component <TextLink />, based on text-query, resulting in page load of https://osilife.com/","location":null,"status":"passed","title":"Should find and click of the component <TextLink />, based on text-query, resulting in page load of https://osilife.com/"},{"ancestorTitles":["<Textlink />"],"failureMessages":[],"fullName":"<Textlink /> Should render an icon within the component <TextLink />, with required props (to, title)","location":null,"status":"passed","title":"Should render an icon within the component <TextLink />, with required props (to, title)"}],"endTime":1611689881697,"message":"","name":"/Users/heather.preiss/osi-dls/src/components/TextLink/TextLink.test.js","startTime":1611689881512,"status":"passed","summary":""},{"assertionResults":[{"ancestorTitles":["<TextField />"],"failureMessages":[],"fullName":"<TextField /> Should render","location":null,"status":"passed","title":"Should render"}],"endTime":1611689881756,"message":"","name":"/Users/heather.preiss/osi-dls/src/components/FormFields/TextField/TextField.test.js","startTime":1611689881591,"status":"passed","summary":""},{"assertionResults":[{"ancestorTitles":["<InfoBadge />"],"failureMessages":[],"fullName":"<InfoBadge /> renders and matches snapshot","location":null,"status":"passed","title":"renders and matches snapshot"},{"ancestorTitles":["<InfoBadge />"],"failureMessages":[],"fullName":"<InfoBadge /> has correct class and color","location":null,"status":"passed","title":"has correct class and color"}],"endTime":1611689881789,"message":"","name":"/Users/heather.preiss/osi-dls/src/components/InfoBadge/InfoBadge.test.js","startTime":1611689881588,"status":"passed","summary":""},{"assertionResults":[{"ancestorTitles":["<Image />"],"failureMessages":[],"fullName":"<Image /> props should render down to <img/>","location":null,"status":"passed","title":"props should render down to <img/>"},{"ancestorTitles":["<Image />"],"failureMessages":[],"fullName":"<Image /> soucre tags should render","location":null,"status":"passed","title":"soucre tags should render"},{"ancestorTitles":["<Image />"],"failureMessages":[],"fullName":"<Image /> picture attributes should render","location":null,"status":"passed","title":"picture attributes should render"}],"endTime":1611689881797,"message":"","name":"/Users/heather.preiss/osi-dls/src/components/Image/Image.test.js","startTime":1611689881638,"status":"passed","summary":""},{"assertionResults":[{"ancestorTitles":["<Script />"],"failureMessages":[],"fullName":"<Script /> renders","location":null,"status":"passed","title":"renders"},{"ancestorTitles":["<Script />"],"failureMessages":[],"fullName":"<Script /> renders properly using the url prop","location":null,"status":"passed","title":"renders properly using the url prop"},{"ancestorTitles":["<Script />"],"failureMessages":[],"fullName":"<Script /> renders properly using the text prop","location":null,"status":"passed","title":"renders properly using the text prop"}],"endTime":1611689881843,"message":"","name":"/Users/heather.preiss/osi-dls/src/components/Script/Script.test.js","startTime":1611689881675,"status":"passed","summary":""},{"assertionResults":[{"ancestorTitles":["<Checkbox />"],"failureMessages":[],"fullName":"<Checkbox /> Should render","location":null,"status":"passed","title":"Should render"}],"endTime":1611689881858,"message":"","name":"/Users/heather.preiss/osi-dls/src/components/FormFields/Checkbox/Checkbox.test.js","startTime":1611689881703,"status":"passed","summary":""},{"assertionResults":[{"ancestorTitles":["UtilityLink"],"failureMessages":[],"fullName":"UtilityLink renders Utility Link component","location":null,"status":"passed","title":"renders Utility Link component"},{"ancestorTitles":["UtilityLink"],"failureMessages":[],"fullName":"UtilityLink parent container should have a class of utility-link","location":null,"status":"passed","title":"parent container should have a class of utility-link"},{"ancestorTitles":["UtilityLink"],"failureMessages":[],"fullName":"UtilityLink tests whether the correct title and icon are rendered in utility link","location":null,"status":"passed","title":"tests whether the correct title and icon are rendered in utility link"}],"endTime":1611689881867,"message":"","name":"/Users/heather.preiss/osi-dls/src/components/UtilityLink/UtilityLink.test.js","startTime":1611689881680,"status":"passed","summary":""},{"assertionResults":[{"ancestorTitles":["<Wrapper />"],"failureMessages":[],"fullName":"<Wrapper /> Should render","location":null,"status":"passed","title":"Should render"}],"endTime":1611689881892,"message":"","name":"/Users/heather.preiss/osi-dls/src/components/Wrapper/Wrapper.test.js","startTime":1611689881795,"status":"passed","summary":""},{"assertionResults":[{"ancestorTitles":["<Overview />"],"failureMessages":[],"fullName":"<Overview /> Should render","location":null,"status":"passed","title":"Should render"}],"endTime":1611689881937,"message":"","name":"/Users/heather.preiss/osi-dls/src/Overview/Overview.test.js","startTime":1611689881848,"status":"passed","summary":""},{"assertionResults":[{"ancestorTitles":["<SubBranding />"],"failureMessages":[],"fullName":"<SubBranding /> should render ","location":null,"status":"passed","title":"should render "}],"endTime":1611689881978,"message":"","name":"/Users/heather.preiss/osi-dls/src/components/SubBranding/SubBranding.test.js","startTime":1611689881864,"status":"passed","summary":""},{"assertionResults":[{"ancestorTitles":["<Badge />"],"failureMessages":[],"fullName":"<Badge /> renders","location":null,"status":"passed","title":"renders"},{"ancestorTitles":["<Badge />"],"failureMessages":[],"fullName":"<Badge /> has correct class and color","location":null,"status":"passed","title":"has correct class and color"},{"ancestorTitles":["<Badge />"],"failureMessages":[],"fullName":"<Badge /> does not render if less than 1","location":null,"status":"passed","title":"does not render if less than 1"}],"endTime":1611689882004,"message":"","name":"/Users/heather.preiss/osi-dls/src/components/Badge/Badge.test.js","startTime":1611689881768,"status":"passed","summary":""},{"assertionResults":[{"ancestorTitles":["<List />"],"failureMessages":[],"fullName":"<List /> should renders without props ","location":null,"status":"passed","title":"should renders without props "},{"ancestorTitles":["<List />"],"failureMessages":[],"fullName":"<List /> should contain list of ordered items ","location":null,"status":"passed","title":"should contain list of ordered items "}],"endTime":1611689882012,"message":"","name":"/Users/heather.preiss/osi-dls/src/components/List/List.test.js","startTime":1611689881814,"status":"passed","summary":""},{"assertionResults":[{"ancestorTitles":["<MediaGallery />"],"failureMessages":[],"fullName":"<MediaGallery /> should render","location":null,"status":"passed","title":"should render"}],"endTime":1611689882021,"message":"","name":"/Users/heather.preiss/osi-dls/src/components/MediaGallery/MediaGallery.test.js","startTime":1611689881872,"status":"passed","summary":""},{"assertionResults":[{"ancestorTitles":["<DescriptionList />"],"failureMessages":[],"fullName":"<DescriptionList /> should render ","location":null,"status":"passed","title":"should render "}],"endTime":1611689882043,"message":"","name":"/Users/heather.preiss/osi-dls/src/components/DescriptionList/DescriptionList.test.js","startTime":1611689881903,"status":"passed","summary":""},{"assertionResults":[{"ancestorTitles":["<Wave />"],"failureMessages":[],"fullName":"<Wave /> should render wave component","location":null,"status":"passed","title":"should render wave component"}],"endTime":1611689882076,"message":"","name":"/Users/heather.preiss/osi-dls/src/components/Wave/Wave.test.js","startTime":1611689881942,"status":"passed","summary":""},{"assertionResults":[{"ancestorTitles":["<CulturalIndicator />"],"failureMessages":[],"fullName":"<CulturalIndicator /> should render ","location":null,"status":"passed","title":"should render "}],"endTime":1611689882093,"message":"","name":"/Users/heather.preiss/osi-dls/src/components/CulturalIndicator/CulturalIndicator.test.js","startTime":1611689881983,"status":"passed","summary":""},{"assertionResults":[{"ancestorTitles":["<InlineSVG />"],"failureMessages":[],"fullName":"<InlineSVG /> Should render","location":null,"status":"passed","title":"Should render"},{"ancestorTitles":["<InlineSVG />"],"failureMessages":[],"fullName":"<InlineSVG /> test-inlinesvg div should render","location":null,"status":"passed","title":"test-inlinesvg div should render"}],"endTime":1611689882125,"message":"","name":"/Users/heather.preiss/osi-dls/src/components/InlineSVG/InlineSVG.test.js","startTime":1611689882017,"status":"passed","summary":""},{"assertionResults":[{"ancestorTitles":["ContentCard"],"failureMessages":[],"fullName":"ContentCard Should render","location":null,"status":"passed","title":"Should render"}],"endTime":1611689882128,"message":"","name":"/Users/heather.preiss/osi-dls/src/components/ContentCard/ContentCard.test.js","startTime":1611689882010,"status":"passed","summary":""},{"assertionResults":[{"ancestorTitles":["<ImageSource />"],"failureMessages":[],"fullName":"<ImageSource /> Should render","location":null,"status":"passed","title":"Should render"},{"ancestorTitles":["<ImageSource />"],"failureMessages":[],"fullName":"<ImageSource /> Should render with attributes","location":null,"status":"passed","title":"Should render with attributes"}],"endTime":1611689882135,"message":"","name":"/Users/heather.preiss/osi-dls/src/components/Image/ImageSource.test.js","startTime":1611689882031,"status":"passed","summary":""},{"assertionResults":[{"ancestorTitles":["<BasicForm />"],"failureMessages":[],"fullName":"<BasicForm /> should render","location":null,"status":"passed","title":"should render"}],"endTime":1611689882503,"message":"","name":"/Users/heather.preiss/osi-dls/src/components/Forms/BasicForm/BasicForm.test.js","startTime":1611689878750,"status":"passed","summary":""}],"wasInterrupted":false}